<?xml version="1.0" encoding="UTF-8"?>
<robot generator="Robot 4.0.3 (Python 3.9.5 on win32)" generated="20210728 15:55:30.892" rpa="false" schemaversion="2">
<suite id="s1" name="registryUserFeature" source="C:\Users\Uilen.Moreira\Desktop\Projeto\robotFramework\src\tests\registryUserFeature.robot">
<test id="s1-t1" name="Cenário 01: Vender o melhor combo">
<kw name="Dado que a sessão esta iniciada" library="BDDpt-br" sourcename="Dado ${keywords}">
<kw name="Run Keywords" library="BuiltIn">
<arg>${keywords}</arg>
<doc>Executes all the given keywords in a sequence.</doc>
<kw name="que a sessão esta iniciada" library="baseActions">
<kw name="Carrega os Elementos do App" library="baseActions">
<kw name="Add Image Path" library="SikuliLibrary">
<arg>${EXECDIR}/resources/maps/openApp</arg>
<doc>Add image path</doc>
<msg timestamp="20210728 15:55:33.801" level="INFO">Params: [C:\Users\Uilen.Moreira\Desktop\Projeto\robotFramework/resources/maps/openApp]</msg>
<status status="PASS" starttime="20210728 15:55:33.780" endtime="20210728 15:55:33.801"/>
</kw>
<kw name="Add Image Path" library="SikuliLibrary">
<arg>${EXECDIR}/resources/maps/funcionario</arg>
<doc>Add image path</doc>
<msg timestamp="20210728 15:55:33.805" level="INFO">Params: [C:\Users\Uilen.Moreira\Desktop\Projeto\robotFramework/resources/maps/funcionario]</msg>
<status status="PASS" starttime="20210728 15:55:33.801" endtime="20210728 15:55:33.805"/>
</kw>
<kw name="Add Image Path" library="SikuliLibrary">
<arg>${EXECDIR}/resources/maps/menu</arg>
<doc>Add image path</doc>
<msg timestamp="20210728 15:55:33.810" level="INFO">Params: [C:\Users\Uilen.Moreira\Desktop\Projeto\robotFramework/resources/maps/menu]</msg>
<status status="PASS" starttime="20210728 15:55:33.805" endtime="20210728 15:55:33.810"/>
</kw>
<kw name="Add Image Path" library="SikuliLibrary">
<arg>${EXECDIR}/resources/maps/popup</arg>
<doc>Add image path</doc>
<msg timestamp="20210728 15:55:33.814" level="INFO">Params: [C:\Users\Uilen.Moreira\Desktop\Projeto\robotFramework/resources/maps/popup]</msg>
<status status="PASS" starttime="20210728 15:55:33.810" endtime="20210728 15:55:33.814"/>
</kw>
<kw name="Add Image Path" library="SikuliLibrary">
<arg>${EXECDIR}/resources/maps/produto</arg>
<doc>Add image path</doc>
<msg timestamp="20210728 15:55:33.818" level="INFO">Params: [C:\Users\Uilen.Moreira\Desktop\Projeto\robotFramework/resources/maps/produto]</msg>
<status status="PASS" starttime="20210728 15:55:33.814" endtime="20210728 15:55:33.818"/>
</kw>
<status status="PASS" starttime="20210728 15:55:33.780" endtime="20210728 15:55:33.818"/>
</kw>
<kw name="Click" library="SikuliLibrary">
<arg>icone-app.png</arg>
<doc>Click</doc>
<msg timestamp="20210728 15:55:34.933" level="INFO">Params: [icone-app.png]</msg>
<msg timestamp="20210728 15:55:34.933" level="INFO" html="true">&lt;img src='sikuli_captured/sikuliximage-1627498534228.png'/&gt;
[log] CLICK on L[790,748]@S(0) (553 msec)</msg>
<status status="PASS" starttime="20210728 15:55:33.818" endtime="20210728 15:55:34.934"/>
</kw>
<status status="PASS" starttime="20210728 15:55:33.780" endtime="20210728 15:55:34.934"/>
</kw>
<status status="PASS" starttime="20210728 15:55:33.780" endtime="20210728 15:55:34.934"/>
</kw>
<status status="PASS" starttime="20210728 15:55:33.780" endtime="20210728 15:55:34.934"/>
</kw>
<kw name="Quando abro o PDV" library="BDDpt-br" sourcename="Quando ${keywords}">
<kw name="Run Keywords" library="BuiltIn">
<arg>${keywords}</arg>
<doc>Executes all the given keywords in a sequence.</doc>
<kw name="abro o PDV" library="registryActions">
<kw name="Click" library="SikuliLibrary">
<arg>menu-vendas.png</arg>
<doc>Click</doc>
<msg timestamp="20210728 15:55:36.152" level="INFO">Params: [menu-vendas.png]</msg>
<msg timestamp="20210728 15:55:36.152" level="INFO" html="true">&lt;img src='sikuli_captured/sikuliximage-1627498535479.png'/&gt;
[log] CLICK on L[169,35]@S(0) (544 msec)</msg>
<status status="PASS" starttime="20210728 15:55:34.937" endtime="20210728 15:55:36.152"/>
</kw>
<status status="PASS" starttime="20210728 15:55:34.936" endtime="20210728 15:55:36.152"/>
</kw>
<status status="PASS" starttime="20210728 15:55:34.936" endtime="20210728 15:55:36.153"/>
</kw>
<status status="PASS" starttime="20210728 15:55:34.935" endtime="20210728 15:55:36.153"/>
</kw>
<kw name="Então finalizo teste" library="BDDpt-br" sourcename="Então ${keywords}">
<kw name="Run Keywords" library="BuiltIn">
<arg>${keywords}</arg>
<doc>Executes all the given keywords in a sequence.</doc>
<kw name="finalizo teste" library="registryActions">
<kw name="Finaliza Teste" library="baseActions">
<kw name="Close Application" library="SikuliLibrary">
<arg>BugBakery</arg>
<doc>Close application</doc>
<msg timestamp="20210728 15:55:37.349" level="INFO">Params: [BugBakery]</msg>
<status status="PASS" starttime="20210728 15:55:36.157" endtime="20210728 15:55:37.349"/>
</kw>
<status status="PASS" starttime="20210728 15:55:36.155" endtime="20210728 15:55:37.349"/>
</kw>
<status status="PASS" starttime="20210728 15:55:36.155" endtime="20210728 15:55:37.350"/>
</kw>
<status status="PASS" starttime="20210728 15:55:36.155" endtime="20210728 15:55:37.350"/>
</kw>
<status status="PASS" starttime="20210728 15:55:36.154" endtime="20210728 15:55:37.351"/>
</kw>
<status status="PASS" starttime="20210728 15:55:33.780" endtime="20210728 15:55:37.351"/>
</test>
<doc>Feature de Cadastro do usuário</doc>
<status status="PASS" starttime="20210728 15:55:30.893" endtime="20210728 15:55:37.351"/>
</suite>
<statistics>
<total>
<stat pass="1" fail="0" skip="0">All Tests</stat>
</total>
<tag>
</tag>
<suite>
<stat pass="1" fail="0" skip="0" id="s1" name="registryUserFeature">registryUserFeature</stat>
</suite>
</statistics>
<errors>
</errors>
</robot>
